<?xml version="1.0" encoding="UTF-8"?>
<!-- Generated by org.testng.reporters.JUnitReportReporter -->
<testsuite hostname="DIKSHANT" failures="0" tests="1" name="Axis.Driven.writedata" time="7.388" errors="0" timestamp="2024-02-27T14:06:22 IST" skipped="0">
  <testcase classname="Axis.Driven.writedata" name="fblogin" time="7.388"/>
  <system-out/>
</testsuite> <!-- Axis.Driven.writedata -->
