<?xml version="1.0" encoding="UTF-8"?>
<!-- Generated by org.testng.reporters.JUnitReportReporter -->
<testsuite hostname="DIKSHANT" failures="0" tests="1" name="Axis.Driven.ReadData" time="9.993" errors="0" timestamp="2024-02-27T12:49:12 IST" skipped="0">
  <testcase classname="Axis.Driven.ReadData" name="fblogin" time="9.993"/>
  <system-out/>
</testsuite> <!-- Axis.Driven.ReadData -->
