<?xml version="1.0" encoding="UTF-8"?>
<!-- Generated by org.testng.reporters.JUnitReportReporter -->
<testsuite hostname="DIKSHANT" failures="0" tests="1" name="Axis.Driven.ReadData" time="8.587" errors="0" timestamp="2024-02-28T10:51:12 IST" skipped="0">
  <testcase classname="Axis.Driven.ReadData" name="fblogin" time="8.587"/>
  <system-out/>
</testsuite> <!-- Axis.Driven.ReadData -->
